DEBUG:root:

 ------------------------------------ ITERATION -------------------------------------------

DEBUG:root:RUNNING CHECK ON LAYER: 1
DEBUG:root:CHECK OK
DEBUG:root:

---------------------------

DEBUG:root:RUNNING LAYER: 1
DEBUG:root:LAYER INFO: 
    Input-Nodes: 784
    Output-Nodes:16
    weights: 
[[0.31937335 0.86237641 0.73925618 ... 0.10090741 0.7365785  0.9241456 ]
 [0.69204598 0.97267001 0.3709638  ... 0.77586015 0.92268545 0.77985293]
 [0.03070876 0.48491748 0.27524549 ... 0.11831243 0.96463972 0.01355473]
 ...
 [0.8468223  0.26290964 0.41951217 ... 0.36819154 0.77445291 0.64895717]
 [0.10688958 0.84427822 0.55073033 ... 0.33049714 0.40487826 0.62071391]
 [0.10862339 0.30997977 0.78610796 ... 0.1640009  0.06258107 0.77272718]]
    values: 
[[0.05783843]
 [0.97769562]
 [0.97189148]
 [0.3100761 ]
 [0.01978636]
 [0.56747318]
 [0.03488324]
 [0.77610243]
 [0.68873543]
 [0.73499723]
 [0.71936269]
 [0.53134978]
 [0.347383  ]
 [0.3579163 ]
 [0.60376296]
 [0.74254341]
 [0.42089389]
 [0.26496436]
 [0.94589589]
 [0.85489717]
 [0.21429148]
 [0.64176022]
 [0.07850693]
 [0.37266074]
 [0.9679082 ]
 [0.57170298]
 [0.72197815]
 [0.04227004]
 [0.57417548]
 [0.46974673]
 [0.36797551]
 [0.6335717 ]
 [0.24992383]
 [0.56212112]
 [0.39238799]
 [0.13484624]
 [0.49463986]
 [0.02560347]
 [0.33373418]
 [0.0969911 ]
 [0.57348831]
 [0.52278269]
 [0.34588965]
 [0.99119815]
 [0.93254496]
 [0.42622591]
 [0.89909108]
 [0.51489065]
 [0.08528946]
 [0.58166325]
 [0.49370326]
 [0.05432609]
 [0.79380069]
 [0.1957352 ]
 [0.04994998]
 [0.33324033]
 [0.41276129]
 [0.8668588 ]
 [0.69813551]
 [0.79151285]
 [0.88787421]
 [0.40977291]
 [0.71676942]
 [0.0385585 ]
 [0.46508392]
 [0.41395404]
 [0.06238595]
 [0.25812074]
 [0.39521684]
 [0.82408266]
 [0.57802335]
 [0.23422556]
 [0.77472509]
 [0.66344644]
 [0.95558042]
 [0.26742461]
 [0.88756846]
 [0.6444757 ]
 [0.54551461]
 [0.87460316]
 [0.44688762]
 [0.42632994]
 [0.55843037]
 [0.97502609]
 [0.1491917 ]
 [0.26022665]
 [0.45286007]
 [0.62790327]
 [0.43155751]
 [0.10171235]
 [0.23836743]
 [0.63568845]
 [0.20582865]
 [0.2308763 ]
 [0.51546974]
 [0.40431925]
 [0.14792186]
 [0.19221348]
 [0.06376344]
 [0.22683368]
 [0.98116809]
 [0.1543415 ]
 [0.48772135]
 [0.91362503]
 [0.45559792]
 [0.99013161]
 [0.43439989]
 [0.93169968]
 [0.35885624]
 [0.76373754]
 [0.01349429]
 [0.13117996]
 [0.52957526]
 [0.83018284]
 [0.57543998]
 [0.97090987]
 [0.14204707]
 [0.93493145]
 [0.50051669]
 [0.88928473]
 [0.79083593]
 [0.44788502]
 [0.19960832]
 [0.26340792]
 [0.82531318]
 [0.42790287]
 [0.23839861]
 [0.42968478]
 [0.55149042]
 [0.64517509]
 [0.43886932]
 [0.35995451]
 [0.33399721]
 [0.43717584]
 [0.98593039]
 [0.69774089]
 [0.75127377]
 [0.60911206]
 [0.10601737]
 [0.30829408]
 [0.53804488]
 [0.08656691]
 [0.6247457 ]
 [0.9728891 ]
 [0.26335786]
 [0.59309791]
 [0.49186862]
 [0.96901384]
 [0.9851799 ]
 [0.00367584]
 [0.05885136]
 [0.77660563]
 [0.26014969]
 [0.49120692]
 [0.47957392]
 [0.09686825]
 [0.35110346]
 [0.66446319]
 [0.07490996]
 [0.26402827]
 [0.8804766 ]
 [0.78866576]
 [0.53597671]
 [0.6342855 ]
 [0.44057008]
 [0.50094325]
 [0.78476261]
 [0.97118783]
 [0.18478339]
 [0.90972323]
 [0.33915537]
 [0.36844866]
 [0.7584919 ]
 [0.0840643 ]
 [0.73574197]
 [0.83733529]
 [0.78373815]
 [0.74863339]
 [0.02138923]
 [0.47732743]
 [0.813423  ]
 [0.16702131]
 [0.01545948]
 [0.49840016]
 [0.58943925]
 [0.15507631]
 [0.84601912]
 [0.82766872]
 [0.22935364]
 [0.46804122]
 [0.15833567]
 [0.45453198]
 [0.71532753]
 [0.13195049]
 [0.96867051]
 [0.20331551]
 [0.14179306]
 [0.67659509]
 [0.29215876]
 [0.38163879]
 [0.36181477]
 [0.11433439]
 [0.10864371]
 [0.87297748]
 [0.9270985 ]
 [0.49591879]
 [0.76786124]
 [0.28287534]
 [0.15214446]
 [0.60606683]
 [0.30854399]
 [0.78665969]
 [0.84985468]
 [0.08814127]
 [0.84499418]
 [0.23089151]
 [0.44060744]
 [0.31379573]
 [0.76368499]
 [0.85163523]
 [0.91029401]
 [0.60738019]
 [0.58683672]
 [0.78124382]
 [0.45406038]
 [0.16023942]
 [0.133362  ]
 [0.07346775]
 [0.80456091]
 [0.74231117]
 [0.27959136]
 [0.93418962]
 [0.06862755]
 [0.79484372]
 [0.78772114]
 [0.43465689]
 [0.57134554]
 [0.19445833]
 [0.1752862 ]
 [0.46952088]
 [0.29101676]
 [0.97896519]
 [0.84001027]
 [0.04978966]
 [0.86631731]
 [0.46434475]
 [0.72372557]
 [0.40382052]
 [0.92379732]
 [0.82939259]
 [0.09123711]
 [0.97215119]
 [0.66368839]
 [0.26280156]
 [0.9086679 ]
 [0.11006911]
 [0.79358176]
 [0.23345058]
 [0.78189587]
 [0.40758981]
 [0.3789549 ]
 [0.9407071 ]
 [0.46166228]
 [0.91077622]
 [0.20120538]
 [0.99000724]
 [0.45770085]
 [0.33618189]
 [0.03844828]
 [0.55583835]
 [0.30555215]
 [0.84407669]
 [0.56958379]
 [0.90489892]
 [0.50138803]
 [0.33434854]
 [0.960422  ]
 [0.67909862]
 [0.00931121]
 [0.91579242]
 [0.47565074]
 [0.08961751]
 [0.80318103]
 [0.8472544 ]
 [0.3432968 ]
 [0.12820967]
 [0.86543831]
 [0.91695181]
 [0.04681268]
 [0.19724518]
 [0.48022029]
 [0.07370314]
 [0.81500715]
 [0.58725007]
 [0.54478973]
 [0.00731459]
 [0.96051824]
 [0.91583765]
 [0.67084548]
 [0.49846294]
 [0.42515172]
 [0.71054842]
 [0.74128926]
 [0.2537527 ]
 [0.06005072]
 [0.38428501]
 [0.74729721]
 [0.05488457]
 [0.30202949]
 [0.97567502]
 [0.92603557]
 [0.45743802]
 [0.2257367 ]
 [0.12014345]
 [0.33444123]
 [0.16841578]
 [0.70564313]
 [0.11828174]
 [0.9332955 ]
 [0.46554129]
 [0.49989383]
 [0.53317133]
 [0.96949092]
 [0.30530157]
 [0.99614063]
 [0.29493437]
 [0.28004143]
 [0.53762318]
 [0.24650151]
 [0.64927371]
 [0.62186583]
 [0.66120594]
 [0.04795474]
 [0.28464936]
 [0.6038969 ]
 [0.32046731]
 [0.67079492]
 [0.8115523 ]
 [0.19701525]
 [0.34368698]
 [0.94408388]
 [0.75201433]
 [0.79396857]
 [0.05389337]
 [0.2931981 ]
 [0.03815573]
 [0.1208627 ]
 [0.92072321]
 [0.37963891]
 [0.98147587]
 [0.43079165]
 [0.03993098]
 [0.22946483]
 [0.03800117]
 [0.02598256]
 [0.95891453]
 [0.65448325]
 [0.68402948]
 [0.63928079]
 [0.11984912]
 [0.74351518]
 [0.28065222]
 [0.60312296]
 [0.93235611]
 [0.95616236]
 [0.4747225 ]
 [0.31681342]
 [0.64172727]
 [0.44152264]
 [0.95036037]
 [0.64030258]
 [0.8834686 ]
 [0.98679327]
 [0.1467858 ]
 [0.9033784 ]
 [0.00848351]
 [0.942469  ]
 [0.69368043]
 [0.58462907]
 [0.48254019]
 [0.91666267]
 [0.43602688]
 [0.35304299]
 [0.15830999]
 [0.68586791]
 [0.08496841]
 [0.34120589]
 [0.18445364]
 [0.30771053]
 [0.68113628]
 [0.44648686]
 [0.62933797]
 [0.26323812]
 [0.38645891]
 [0.37548046]
 [0.67987287]
 [0.21663454]
 [0.48383051]
 [0.96437196]
 [0.18645391]
 [0.40482214]
 [0.39836046]
 [0.48087833]
 [0.30180274]
 [0.73619784]
 [0.01962953]
 [0.89462957]
 [0.00408842]
 [0.13206253]
 [0.7875515 ]
 [0.50353054]
 [0.58953726]
 [0.83003322]
 [0.87259886]
 [0.43990686]
 [0.9043203 ]
 [0.0466506 ]
 [0.2919596 ]
 [0.62273136]
 [0.87528958]
 [0.68334559]
 [0.41944747]
 [0.02033064]
 [0.71567668]
 [0.97344022]
 [0.95695222]
 [0.80702965]
 [0.1223709 ]
 [0.81483601]
 [0.58678026]
 [0.15096502]
 [0.80956337]
 [0.22320387]
 [0.04176079]
 [0.82947396]
 [0.22050423]
 [0.37655288]
 [0.40049562]
 [0.62772675]
 [0.47055197]
 [0.59201396]
 [0.57122873]
 [0.12864205]
 [0.62858519]
 [0.08804924]
 [0.01995092]
 [0.2260585 ]
 [0.43711125]
 [0.53871358]
 [0.18648797]
 [0.44244813]
 [0.10150974]
 [0.0854341 ]
 [0.06341351]
 [0.29121005]
 [0.62766311]
 [0.24683221]
 [0.52571857]
 [0.31918217]
 [0.82877897]
 [0.46563078]
 [0.56564372]
 [0.70618384]
 [0.53522801]
 [0.88669005]
 [0.43407849]
 [0.93481281]
 [0.92562689]
 [0.93926781]
 [0.39559234]
 [0.63494724]
 [0.66120722]
 [0.80363702]
 [0.60973181]
 [0.536598  ]
 [0.96856884]
 [0.18729885]
 [0.09526916]
 [0.05051386]
 [0.16506556]
 [0.94554492]
 [0.81514267]
 [0.32189708]
 [0.03555596]
 [0.65443806]
 [0.43320198]
 [0.04426308]
 [0.79870773]
 [0.69564665]
 [0.53225078]
 [0.44678328]
 [0.66957279]
 [0.64809118]
 [0.73429633]
 [0.40497988]
 [0.1413398 ]
 [0.83212252]
 [0.9005413 ]
 [0.98470534]
 [0.99364626]
 [0.85461094]
 [0.18423651]
 [0.97343051]
 [0.40538194]
 [0.23911411]
 [0.38212648]
 [0.6507358 ]
 [0.40241374]
 [0.7096516 ]
 [0.95514021]
 [0.2367208 ]
 [0.21900148]
 [0.27551987]
 [0.88896125]
 [0.96721318]
 [0.11165228]
 [0.5526063 ]
 [0.58571301]
 [0.0667267 ]
 [0.16129413]
 [0.31451322]
 [0.57036649]
 [0.28577676]
 [0.40890821]
 [0.19938387]
 [0.75643235]
 [0.04389943]
 [0.52750406]
 [0.16960146]
 [0.420851  ]
 [0.93503931]
 [0.52703644]
 [0.54736413]
 [0.33836051]
 [0.63335   ]
 [0.95843048]
 [0.78149957]
 [0.84569071]
 [0.82872217]
 [0.27540458]
 [0.16619884]
 [0.70740789]
 [0.32947808]
 [0.88896954]
 [0.34041591]
 [0.38145776]
 [0.48387416]
 [0.09252211]
 [0.99067217]
 [0.9554699 ]
 [0.43572144]
 [0.56773514]
 [0.37072509]
 [0.83211867]
 [0.24715235]
 [0.89741666]
 [0.60920439]
 [0.35512557]
 [0.78931523]
 [0.38839258]
 [0.18778243]
 [0.26587139]
 [0.63156706]
 [0.97991949]
 [0.77756333]
 [0.58896878]
 [0.91372213]
 [0.47083592]
 [0.51081278]
 [0.8052141 ]
 [0.41666494]
 [0.85319315]
 [0.37622249]
 [0.31840559]
 [0.53501376]
 [0.35685878]
 [0.08646839]
 [0.61883135]
 [0.93598647]
 [0.14131689]
 [0.00217672]
 [0.6248444 ]
 [0.03307701]
 [0.4537093 ]
 [0.41577056]
 [0.93566983]
 [0.04730289]
 [0.36281452]
 [0.53159841]
 [0.69919327]
 [0.98047571]
 [0.19591676]
 [0.21436661]
 [0.33480753]
 [0.66295246]
 [0.81226357]
 [0.14896124]
 [0.22788243]
 [0.72642907]
 [0.64810461]
 [0.25305389]
 [0.67023185]
 [0.13645223]
 [0.10621305]
 [0.62903905]
 [0.46073486]
 [0.23078768]
 [0.0751248 ]
 [0.0680851 ]
 [0.62220858]
 [0.81162486]
 [0.96489565]
 [0.8035987 ]
 [0.57436481]
 [0.85162341]
 [0.13172254]
 [0.71089865]
 [0.03619084]
 [0.68227646]
 [0.26423449]
 [0.7235567 ]
 [0.44337202]
 [0.12784487]
 [0.3246773 ]
 [0.427838  ]
 [0.94459729]
 [0.95618123]
 [0.86616406]
 [0.48788624]
 [0.1403472 ]
 [0.60472427]
 [0.23153896]
 [0.60850039]
 [0.23207882]
 [0.30402542]
 [0.92225253]
 [0.21410901]
 [0.22734252]
 [0.07109524]
 [0.61023606]
 [0.03474645]
 [0.50833638]
 [0.96534561]
 [0.05975227]
 [0.38908182]
 [0.68231314]
 [0.44318362]
 [0.667805  ]
 [0.5773928 ]
 [0.2051585 ]
 [0.50671782]
 [0.05849628]
 [0.48681208]
 [0.98383893]
 [0.15079979]
 [0.78045069]
 [0.71216963]
 [0.56814841]
 [0.75582583]
 [0.88786674]
 [0.12600647]
 [0.70108511]
 [0.41098231]
 [0.86511598]
 [0.679655  ]
 [0.34272426]
 [0.07949623]
 [0.01394809]
 [0.50218668]
 [0.62593403]
 [0.02350567]
 [0.81044003]
 [0.98844271]
 [0.82804169]
 [0.91124597]
 [0.02430174]
 [0.89397306]
 [0.67956351]
 [0.39014484]
 [0.74796444]
 [0.02282897]
 [0.26240895]
 [0.76928682]
 [0.36544898]
 [0.48714435]
 [0.47731217]
 [0.35107072]
 [0.28401175]
 [0.37422211]
 [0.5771987 ]
 [0.2256411 ]
 [0.12897533]
 [0.23318982]
 [0.31077604]
 [0.01013196]
 [0.03192131]
 [0.37839001]
 [0.4826048 ]
 [0.4073713 ]
 [0.53478266]
 [0.49658383]
 [0.97538058]
 [0.29156406]
 [0.3422589 ]
 [0.50556368]
 [0.10658181]
 [0.03756944]
 [0.68275803]
 [0.66111236]
 [0.25418838]
 [0.3939703 ]
 [0.38713588]
 [0.05616305]
 [0.01015419]
 [0.61719687]
 [0.98423293]
 [0.99447874]
 [0.50397305]
 [0.83357311]
 [0.16271486]
 [0.33488087]
 [0.05514742]
 [0.30282087]
 [0.64087792]
 [0.64398773]
 [0.82657178]
 [0.40218596]
 [0.41632684]
 [0.46680579]
 [0.1254154 ]
 [0.96323096]
 [0.31036381]
 [0.16463521]
 [0.05388843]
 [0.68181907]
 [0.37401225]
 [0.51223723]
 [0.57470708]
 [0.1680499 ]
 [0.1670606 ]
 [0.92662994]
 [0.0663467 ]
 [0.87866771]
 [0.59088196]
 [0.89954711]
 [0.99642708]
 [0.33571468]
 [0.20218068]
 [0.37581557]
 [0.5744048 ]
 [0.19988044]
 [0.59553096]
 [0.86982497]
 [0.97627902]
 [0.77903208]
 [0.00330254]
 [0.48841983]
 [0.30101747]
 [0.66376587]
 [0.16124557]
 [0.34395466]
 [0.52407842]
 [0.60063443]
 [0.07732726]
 [0.14992619]
 [0.8126403 ]
 [0.91660753]
 [0.40461059]
 [0.54297613]
 [0.22407504]
 [0.35630726]
 [0.42894167]
 [0.58301395]
 [0.31752451]
 [0.78413536]
 [0.30992195]
 [0.95664634]
 [0.16977148]
 [0.7166338 ]
 [0.84013397]
 [0.56570744]
 [0.85273087]
 [0.3540191 ]
 [0.13163947]]
    biases: 
[[0.75825401]
 [0.79165821]
 [0.22814423]
 [0.82119257]
 [0.18474078]
 [0.09497002]
 [0.03636369]
 [0.43954387]
 [0.82302894]
 [0.86473319]
 [0.32031249]
 [0.19075004]
 [0.82156421]
 [0.34296321]
 [0.84327406]
 [0.44110046]]
DEBUG:root:ANSWER: 
[[1.]
 [1.]
 [1.]
 [1.]
 [1.]
 [1.]
 [1.]
 [1.]
 [1.]
 [1.]
 [1.]
 [1.]
 [1.]
 [1.]
 [1.]
 [1.]]
DEBUG:root:

---------------------------

DEBUG:root:RUNNING CHECK ON LAYER: 2
DEBUG:root:CHECK OK
DEBUG:root:

---------------------------

DEBUG:root:RUNNING LAYER: 2
DEBUG:root:LAYER INFO: 
    Input-Nodes: 16
    Output-Nodes:16
    weights: 
[[0.90763374 0.15813368 0.01420911 0.68350403 0.72274543 0.46917008
  0.95240954 0.06832225 0.60786865 0.5151721  0.93492395 0.81164641
  0.489627   0.20262702 0.30821702 0.99176805]
 [0.8172978  0.36316053 0.95994083 0.66511966 0.49586669 0.25311601
  0.33598228 0.63988008 0.47384977 0.63719632 0.40455654 0.80898817
  0.96110186 0.11137768 0.25961246 0.19263074]
 [0.82295282 0.75506842 0.32864502 0.22765578 0.11711303 0.65097735
  0.89824801 0.4178036  0.14887933 0.38392217 0.87930601 0.48741022
  0.79545491 0.08511913 0.15223608 0.42235776]
 [0.55205829 0.5138842  0.85292637 0.14204651 0.22580225 0.96254924
  0.53274514 0.41586052 0.24646626 0.98132208 0.70335662 0.50301992
  0.12309583 0.05175024 0.78632525 0.29433515]
 [0.47705762 0.66784752 0.73163369 0.79802475 0.51191471 0.81983372
  0.07623267 0.28175799 0.75539312 0.76997157 0.29241279 0.7602731
  0.91997145 0.28574119 0.82602287 0.49183589]
 [0.80049212 0.76999674 0.05462045 0.76607268 0.34792738 0.77928396
  0.520027   0.15682147 0.81011534 0.8279555  0.57006183 0.91845225
  0.11455563 0.74425597 0.33096914 0.90971899]
 [0.47592787 0.44912525 0.56735717 0.75637943 0.77091243 0.2773592
  0.09846414 0.16569545 0.75567112 0.50633945 0.86794574 0.66703854
  0.2751718  0.90890656 0.42224497 0.75621761]
 [0.9105801  0.46286725 0.97111475 0.91272298 0.9027474  0.2744927
  0.18834059 0.25573667 0.57578486 0.02943173 0.11071154 0.98181466
  0.90502673 0.09206761 0.18335315 0.64103468]
 [0.16814274 0.1094642  0.75771331 0.82074144 0.62709254 0.25221316
  0.53619619 0.13124944 0.3380629  0.75647181 0.95677428 0.58602826
  0.16096083 0.37261104 0.62270174 0.57567173]
 [0.78573709 0.48620951 0.54116569 0.29767333 0.19807038 0.91139493
  0.18946571 0.47034946 0.76346322 0.21400434 0.05104975 0.34984792
  0.83513554 0.88003742 0.61476404 0.8613851 ]
 [0.9715133  0.84166403 0.8133904  0.67001394 0.42118486 0.57971895
  0.86582671 0.13995581 0.82802892 0.13660643 0.00126348 0.16471567
  0.4777393  0.06866489 0.77517916 0.80124042]
 [0.96450017 0.45182509 0.93046202 0.90882665 0.29588896 0.04937651
  0.57254096 0.47046497 0.25619508 0.07480715 0.77950788 0.57981922
  0.39197334 0.74750112 0.82396967 0.64689286]
 [0.75852015 0.79168993 0.85784745 0.44317239 0.44426627 0.3193607
  0.78327937 0.24186638 0.91399564 0.61139646 0.04052486 0.86673393
  0.59742482 0.58102528 0.00459846 0.08576028]
 [0.50263833 0.59114562 0.18025289 0.88387545 0.67881416 0.9735588
  0.04444235 0.79404543 0.65827284 0.37489471 0.11467489 0.34140735
  0.95671813 0.74645547 0.82289652 0.98251785]
 [0.67318012 0.85374297 0.39669202 0.95498023 0.96850154 0.09567032
  0.84682187 0.83437604 0.39961381 0.73373807 0.05075568 0.67123869
  0.88472871 0.35628122 0.01110866 0.64717708]
 [0.56611957 0.94217178 0.63446886 0.03501211 0.55314863 0.21943678
  0.28268948 0.52837566 0.9016134  0.28407078 0.82950585 0.46864265
  0.71479126 0.25737008 0.68782302 0.72953809]]
    values: 
[[1.]
 [1.]
 [1.]
 [1.]
 [1.]
 [1.]
 [1.]
 [1.]
 [1.]
 [1.]
 [1.]
 [1.]
 [1.]
 [1.]
 [1.]
 [1.]]
    biases: 
[[0.1004064 ]
 [0.8230261 ]
 [0.86356899]
 [0.67159732]
 [0.19488706]
 [0.78070275]
 [0.62005166]
 [0.49106182]
 [0.93505528]
 [0.68300492]
 [0.08401232]
 [0.20541279]
 [0.20618789]
 [0.22468028]
 [0.96200801]
 [0.54380572]]
DEBUG:root:ANSWER: 
[[0.99986876]
 [0.99989924]
 [0.99978329]
 [0.99980825]
 [0.99993627]
 [0.99996291]
 [0.99991224]
 [0.99986211]
 [0.99983463]
 [0.99989194]
 [0.99982327]
 [0.99989379]
 [0.99980604]
 [0.99994837]
 [0.99996771]
 [0.99989678]]
DEBUG:root:

---------------------------

DEBUG:root:RUNNING CHECK ON LAYER: 3
DEBUG:root:CHECK OK
DEBUG:root:

---------------------------

DEBUG:root:RUNNING LAYER: 3
DEBUG:root:LAYER INFO: 
    Input-Nodes: 16
    Output-Nodes:10
    weights: 
[[4.49499022e-01 1.32444487e-01 3.04375811e-02 4.57951861e-01
  5.64181451e-02 5.35069335e-01 8.92589380e-01 9.69284167e-01
  6.32375407e-01 9.18501365e-01 4.13087349e-01 4.84252890e-01
  5.94559906e-01 4.83139102e-01 9.35501400e-01 4.88631904e-01]
 [2.69126239e-01 7.54721503e-01 8.19175183e-01 1.47737370e-01
  7.44362274e-01 8.09143080e-01 7.09232050e-01 4.20097386e-01
  8.61701020e-01 4.53379240e-01 8.73743570e-01 8.54823833e-01
  5.87921455e-01 4.69463729e-01 9.23393934e-01 6.38291917e-01]
 [2.58308594e-01 8.46331129e-01 7.98825513e-02 5.62778601e-01
  9.44935927e-01 1.29024597e-01 6.73513137e-01 5.85986512e-01
  8.28692047e-01 8.86126304e-01 3.44466876e-01 6.72411690e-01
  8.61732466e-02 5.84492948e-01 3.90546883e-01 2.32126104e-01]
 [8.09449058e-01 8.99507308e-01 4.25373681e-01 3.48635162e-01
  4.60554358e-01 2.25821520e-01 1.72605229e-01 7.34446676e-01
  6.15867160e-01 3.94757601e-01 3.65839180e-01 9.58356323e-01
  7.55243498e-01 4.74692753e-01 8.27181751e-01 1.33750197e-01]
 [5.87615975e-01 5.70260702e-01 1.30824650e-01 1.56394652e-01
  8.55381008e-01 7.63971267e-01 6.48490102e-01 8.38403644e-01
  5.48886819e-02 6.16481237e-01 5.07925858e-01 1.67246015e-01
  3.92543336e-01 4.54874020e-01 2.91616313e-01 3.91077248e-01]
 [3.19912039e-01 9.38932972e-01 3.99999222e-01 9.12710195e-01
  7.83607307e-01 9.26038239e-01 1.77938054e-01 7.74626502e-01
  4.36216626e-02 4.81912649e-01 2.12927989e-01 1.96402328e-01
  4.39096520e-01 5.86659381e-01 1.15402310e-01 5.56305504e-01]
 [9.95906014e-01 8.11231724e-02 8.65772724e-01 7.59161335e-01
  1.45696991e-01 2.55594517e-01 6.38922849e-01 2.02168115e-01
  2.44195017e-01 7.16585264e-01 3.89784730e-01 1.54349300e-01
  7.33123061e-01 8.29920938e-01 8.00322319e-01 9.36530398e-01]
 [5.58411864e-01 7.35933063e-02 8.79480021e-01 2.67010796e-01
  5.06993884e-01 6.21602489e-04 2.96399234e-01 7.61801544e-01
  8.37393457e-01 3.41656167e-01 4.53766988e-01 6.48552826e-01
  6.97378340e-03 8.30661968e-01 3.39900591e-01 4.94690642e-02]
 [8.65582932e-01 7.14779252e-01 4.02246254e-02 4.21772772e-01
  9.09727356e-01 9.94382087e-01 4.50872660e-01 9.19996490e-01
  3.49141036e-01 5.99075653e-01 8.72338332e-01 1.65258555e-01
  5.11433677e-01 6.03264096e-01 1.09670843e-01 5.92587297e-01]
 [5.47708607e-01 7.48382583e-02 5.51625178e-01 4.45307529e-01
  3.08732621e-01 3.65554577e-01 1.82094210e-02 1.66088749e-01
  9.95000210e-01 1.48998171e-01 8.12223814e-01 6.14831634e-01
  4.59556446e-02 3.66641297e-01 3.49262570e-02 8.34849495e-01]]
    values: 
[[0.99986876]
 [0.99989924]
 [0.99978329]
 [0.99980825]
 [0.99993627]
 [0.99996291]
 [0.99991224]
 [0.99986211]
 [0.99983463]
 [0.99989194]
 [0.99982327]
 [0.99989379]
 [0.99980604]
 [0.99994837]
 [0.99996771]
 [0.99989678]]
    biases: 
[[0.95939048]
 [0.49374593]
 [0.5467862 ]
 [0.45363134]
 [0.18775273]
 [0.30547576]
 [0.31743095]
 [0.55200599]
 [0.39202271]
 [0.28836982]]
DEBUG:root:ANSWER: 
[[0.9999199 ]
 [0.99998018]
 [0.9998252 ]
 [0.99988317]
 [0.99950723]
 [0.99971725]
 [0.99988443]
 [0.99939145]
 [0.99992598]
 [0.99866703]]
DEBUG:root:

---------------------------

DEBUG:root:COST CALCULATION: 
    Expected:    [[0.9999199 ]
 [0.99998018]
 [0.9998252 ]
 [0.99988317]
 [0.99950723]
 [0.99971725]
 [0.99988443]
 [0.99939145]
 [0.99992598]
 [0.99866703]]
    Output:    [1 1 1 1 1 1 1 1 1 1]
    Error:     2.539754963018897e-05

---------------------------

DEBUG:root:

 ------------------------------------ ITERATION -------------------------------------------

DEBUG:root:RUNNING CHECK ON LAYER: 1
DEBUG:root:CHECK OK
DEBUG:root:

---------------------------

DEBUG:root:RUNNING LAYER: 1
DEBUG:root:LAYER INFO: 
    Input-Nodes: 784
    Output-Nodes:16
    weights: 
[[0.17526971 0.62316891 0.98235632 ... 0.42292985 0.84346004 0.4217611 ]
 [0.31322133 0.82584    0.25961562 ... 0.9553594  0.6917668  0.60986522]
 [0.54964422 0.99809507 0.15995777 ... 0.93476147 0.10134408 0.30308961]
 ...
 [0.56527882 0.77379579 0.95827291 ... 0.01713918 0.21781589 0.29923918]
 [0.94606114 0.80706658 0.35893805 ... 0.8008672  0.01827011 0.66700336]
 [0.19968703 0.38006438 0.71744833 ... 0.98728903 0.02155668 0.28881732]]
    values: 
[[9.34630314e-01]
 [4.74762151e-01]
 [7.22498849e-01]
 [1.77492650e-01]
 [7.50730969e-01]
 [9.58080047e-01]
 [1.62748069e-01]
 [7.38761698e-01]
 [9.77005252e-01]
 [7.20629444e-01]
 [3.42320719e-01]
 [3.35644574e-01]
 [7.92015651e-02]
 [3.49572009e-01]
 [9.62952168e-01]
 [1.00317046e-01]
 [8.40741739e-01]
 [9.36051632e-01]
 [6.93251002e-01]
 [4.74352607e-01]
 [2.09746753e-01]
 [4.30171732e-01]
 [2.69616347e-01]
 [5.65061113e-01]
 [1.99253509e-01]
 [3.93725372e-01]
 [6.92010770e-01]
 [5.76034270e-01]
 [7.97085585e-01]
 [3.09703939e-01]
 [2.43269608e-01]
 [1.70054783e-01]
 [8.92781545e-01]
 [3.95659236e-01]
 [7.60350131e-01]
 [9.58008985e-01]
 [9.67910684e-01]
 [2.73909363e-01]
 [4.92090817e-02]
 [4.85566118e-02]
 [1.89118677e-01]
 [5.25124794e-01]
 [8.38083161e-01]
 [1.49478934e-01]
 [9.90448148e-01]
 [2.33008938e-01]
 [7.30090721e-01]
 [1.29309153e-01]
 [5.53925850e-01]
 [2.99009437e-01]
 [3.81948980e-02]
 [3.93807778e-01]
 [5.14892622e-01]
 [4.50501250e-01]
 [8.98260111e-01]
 [9.81172751e-01]
 [4.17981507e-01]
 [2.74696358e-01]
 [2.80678152e-01]
 [9.50930029e-01]
 [6.12740307e-01]
 [8.70168329e-01]
 [6.42413896e-01]
 [9.08581016e-01]
 [9.44392067e-01]
 [2.30702004e-01]
 [2.53840178e-01]
 [1.86395661e-01]
 [4.95576544e-01]
 [6.49104690e-01]
 [4.96552095e-01]
 [8.82208056e-01]
 [5.27775013e-05]
 [6.83347357e-01]
 [8.25855688e-01]
 [8.30161732e-01]
 [4.80946900e-01]
 [5.34280777e-02]
 [4.43215443e-01]
 [2.55830204e-01]
 [1.53114235e-01]
 [2.52524407e-01]
 [7.02386159e-01]
 [9.13992860e-01]
 [1.46819966e-01]
 [7.42585055e-02]
 [2.77408328e-01]
 [3.27871898e-01]
 [1.07824224e-01]
 [2.17233861e-01]
 [8.19275252e-01]
 [8.17867806e-01]
 [4.57481947e-01]
 [3.63921289e-01]
 [6.72052510e-01]
 [6.00554635e-01]
 [9.23627706e-01]
 [4.53357816e-01]
 [3.88660741e-01]
 [1.36530073e-01]
 [1.27190304e-01]
 [1.07920362e-01]
 [4.40783097e-01]
 [2.88620406e-01]
 [1.89476388e-01]
 [2.71484846e-01]
 [2.88656658e-01]
 [3.22134423e-02]
 [7.06653177e-01]
 [9.52867731e-01]
 [6.35381180e-01]
 [2.41462841e-02]
 [2.57070359e-01]
 [8.14389503e-01]
 [1.05257966e-01]
 [6.10932268e-01]
 [2.58561831e-01]
 [7.57198332e-01]
 [4.77288694e-01]
 [5.58614856e-01]
 [5.97179992e-01]
 [2.92408636e-01]
 [8.51566781e-01]
 [3.57844787e-02]
 [5.13893806e-01]
 [4.99435468e-01]
 [2.95099283e-02]
 [6.13759326e-01]
 [6.69964456e-01]
 [3.96246312e-01]
 [8.05055251e-01]
 [5.79083054e-01]
 [7.17413000e-01]
 [1.97957783e-01]
 [6.89324051e-02]
 [4.93963568e-01]
 [9.05021367e-01]
 [6.45055664e-01]
 [1.64301326e-01]
 [3.08006498e-01]
 [3.76440662e-02]
 [6.80788011e-01]
 [3.31541348e-01]
 [2.82387685e-01]
 [5.80835132e-01]
 [9.50189352e-01]
 [7.76433126e-01]
 [3.22723786e-01]
 [7.21695858e-01]
 [3.65260855e-01]
 [2.23079919e-01]
 [3.69373449e-01]
 [5.79342788e-01]
 [1.90065072e-01]
 [7.70968426e-01]
 [7.17197294e-01]
 [4.99768958e-01]
 [4.48756851e-01]
 [8.89801976e-01]
 [3.97133654e-01]
 [2.83657046e-01]
 [3.44416435e-01]
 [6.85316998e-01]
 [9.54229625e-01]
 [3.89924965e-01]
 [2.88950124e-01]
 [7.08809609e-01]
 [1.33912070e-01]
 [1.37330870e-01]
 [3.99892744e-01]
 [4.90372977e-01]
 [6.70555747e-01]
 [8.08073109e-02]
 [2.23045653e-01]
 [1.44117166e-01]
 [8.68502672e-01]
 [9.33688658e-01]
 [2.03202830e-01]
 [8.25304855e-01]
 [9.90558698e-01]
 [2.59768889e-03]
 [4.30555838e-01]
 [2.07359772e-01]
 [1.44540560e-01]
 [8.36638463e-01]
 [7.94818781e-02]
 [4.31301024e-01]
 [6.79376104e-01]
 [7.92369805e-01]
 [6.17675659e-01]
 [8.34415678e-01]
 [6.91128266e-01]
 [2.88123203e-01]
 [1.11223299e-01]
 [5.36029130e-03]
 [2.58413209e-01]
 [9.66749800e-01]
 [7.49228539e-01]
 [4.55807039e-01]
 [6.71549585e-01]
 [9.80394714e-01]
 [6.39455162e-01]
 [6.37994688e-01]
 [3.49953076e-01]
 [8.81134524e-01]
 [9.94053672e-01]
 [6.27456174e-01]
 [3.18308534e-02]
 [5.67942388e-01]
 [5.89204823e-01]
 [2.50813863e-02]
 [5.38183408e-01]
 [2.67381541e-01]
 [6.17208679e-01]
 [1.21991945e-01]
 [8.39087637e-01]
 [7.25659265e-01]
 [8.47158679e-01]
 [7.21752820e-01]
 [8.53646920e-01]
 [9.12107547e-01]
 [2.18056146e-01]
 [3.41405041e-01]
 [7.02083976e-01]
 [7.46414624e-01]
 [3.87044650e-01]
 [8.16597184e-01]
 [2.18739424e-01]
 [5.63534331e-01]
 [1.77094296e-01]
 [2.62287655e-02]
 [5.23122307e-02]
 [5.94574222e-01]
 [6.24838440e-01]
 [6.39369934e-01]
 [9.82959503e-01]
 [6.15729720e-01]
 [7.03150651e-01]
 [5.03146336e-01]
 [4.40148560e-01]
 [3.95641699e-02]
 [7.11271910e-01]
 [4.93607910e-01]
 [1.47050909e-01]
 [5.61750204e-01]
 [1.76253797e-01]
 [6.09866635e-01]
 [4.17089098e-01]
 [9.94858137e-01]
 [6.04938172e-01]
 [2.92590395e-01]
 [4.68413064e-01]
 [5.03188522e-01]
 [1.72516751e-01]
 [5.36521619e-01]
 [5.80552824e-01]
 [7.19439747e-02]
 [5.77176108e-01]
 [1.42754413e-01]
 [6.79152810e-01]
 [8.23348450e-01]
 [4.81461085e-01]
 [8.38657761e-01]
 [1.34242557e-01]
 [5.09677304e-01]
 [5.25473009e-01]
 [4.13032087e-01]
 [1.30447251e-01]
 [1.64888886e-01]
 [7.21858556e-01]
 [8.31341063e-01]
 [8.48552316e-01]
 [1.14404200e-01]
 [2.44508158e-01]
 [8.98679479e-01]
 [3.75341850e-01]
 [2.80934217e-01]
 [9.83729147e-01]
 [9.74245001e-01]
 [2.63961192e-01]
 [4.08290247e-01]
 [2.36043893e-01]
 [1.40436449e-01]
 [9.68414457e-01]
 [5.64041447e-01]
 [9.37528035e-01]
 [4.43533815e-01]
 [9.44657681e-01]
 [5.79925306e-01]
 [3.86117992e-01]
 [9.78948720e-02]
 [7.32770199e-01]
 [1.12866190e-01]
 [3.87385129e-01]
 [5.11660358e-02]
 [4.00628770e-01]
 [3.74823970e-01]
 [9.03459495e-01]
 [9.14231484e-01]
 [7.31527750e-01]
 [8.04864890e-01]
 [1.31443629e-01]
 [4.34402073e-01]
 [1.32853380e-01]
 [8.22045071e-01]
 [6.96843808e-01]
 [8.35865632e-02]
 [7.75460104e-01]
 [4.13429745e-01]
 [2.79786242e-01]
 [9.80188532e-01]
 [9.63694445e-01]
 [6.60295818e-01]
 [1.33011698e-01]
 [2.54830005e-01]
 [4.51596761e-02]
 [7.95012706e-01]
 [6.31630960e-01]
 [2.26711226e-01]
 [9.03036056e-01]
 [2.77570687e-01]
 [1.45530334e-01]
 [2.28027628e-01]
 [2.57762842e-01]
 [4.52186431e-01]
 [4.52197342e-01]
 [3.09401266e-01]
 [1.30921298e-01]
 [2.73191338e-01]
 [7.49512651e-01]
 [1.10896369e-01]
 [1.94443964e-01]
 [1.84400323e-01]
 [4.66197275e-01]
 [9.36644272e-01]
 [7.22653101e-01]
 [9.22219282e-01]
 [1.18438275e-01]
 [9.67477167e-03]
 [2.38726752e-01]
 [7.12675968e-01]
 [5.92218087e-01]
 [5.63356063e-01]
 [4.27091721e-01]
 [9.85992204e-02]
 [2.31228622e-01]
 [9.14841755e-01]
 [6.73137919e-01]
 [8.37176581e-02]
 [3.76357967e-01]
 [9.48265138e-01]
 [9.33486869e-01]
 [3.67588940e-01]
 [2.09813899e-01]
 [8.51848995e-01]
 [3.58608344e-01]
 [8.03440191e-01]
 [5.54173452e-01]
 [5.60941756e-01]
 [7.73091608e-01]
 [8.75273639e-01]
 [5.48290835e-01]
 [8.63788574e-01]
 [4.66827701e-01]
 [9.94115704e-01]
 [6.36258655e-01]
 [9.79240405e-01]
 [3.38489961e-01]
 [7.96506862e-01]
 [9.23764325e-02]
 [9.77632018e-01]
 [1.69039422e-01]
 [7.65913537e-01]
 [5.65491789e-01]
 [2.62752110e-01]
 [6.01277288e-01]
 [1.84997165e-01]
 [5.42232210e-01]
 [6.88472238e-01]
 [3.28207106e-01]
 [3.29251751e-01]
 [2.43413287e-01]
 [3.82544021e-01]
 [1.32441658e-01]
 [4.92576427e-01]
 [6.19292083e-01]
 [1.21356420e-01]
 [3.80031026e-01]
 [2.09840529e-02]
 [7.75459888e-01]
 [3.92271994e-01]
 [7.37506165e-01]
 [5.13140782e-01]
 [5.18505937e-01]
 [6.48088906e-01]
 [3.24448066e-01]
 [3.65220554e-01]
 [3.68430199e-02]
 [5.60737233e-01]
 [3.03641590e-01]
 [2.74785161e-01]
 [7.01801207e-01]
 [3.90583719e-01]
 [5.92396527e-01]
 [8.05032118e-01]
 [1.82397480e-01]
 [7.47196396e-01]
 [4.80462977e-01]
 [5.59257475e-01]
 [6.35522674e-01]
 [1.01389917e-02]
 [3.18467706e-01]
 [8.06743952e-01]
 [9.37768812e-01]
 [8.75471329e-01]
 [8.27924261e-01]
 [8.35809396e-01]
 [5.63558558e-02]
 [2.95111276e-02]
 [8.85553592e-01]
 [2.96851087e-01]
 [8.19011693e-01]
 [7.99996846e-01]
 [8.56787467e-01]
 [5.68722321e-01]
 [2.37197379e-01]
 [8.13606342e-02]
 [3.98392089e-01]
 [2.65804097e-01]
 [6.03535000e-01]
 [5.50493857e-01]
 [1.36114696e-01]
 [8.07661504e-01]
 [1.81399497e-01]
 [5.95015482e-01]
 [1.03683971e-01]
 [9.15949946e-01]
 [9.02328216e-01]
 [9.98739538e-01]
 [9.68677272e-01]
 [3.35586019e-01]
 [3.83169561e-01]
 [5.47039707e-01]
 [4.75527050e-01]
 [4.56128076e-01]
 [6.93416070e-01]
 [1.83260727e-01]
 [5.55226239e-01]
 [5.05619290e-01]
 [7.78336229e-01]
 [2.83504401e-01]
 [7.32874812e-01]
 [6.52730339e-01]
 [2.06625735e-01]
 [1.72134867e-01]
 [4.40676059e-01]
 [4.05740285e-01]
 [6.33960429e-01]
 [1.48642967e-01]
 [6.59119567e-01]
 [1.75148677e-03]
 [1.86300691e-01]
 [9.96174725e-01]
 [6.86552987e-01]
 [2.94722568e-01]
 [9.24206113e-01]
 [4.63694104e-01]
 [4.00872448e-01]
 [6.48422802e-01]
 [9.33334438e-01]
 [7.17810940e-01]
 [9.13428559e-01]
 [8.87924578e-01]
 [1.21737677e-01]
 [5.60643501e-01]
 [5.31248005e-01]
 [6.88253122e-01]
 [6.14692184e-02]
 [6.74314845e-01]
 [9.07489354e-01]
 [7.35419392e-01]
 [8.16210276e-01]
 [6.42687078e-01]
 [9.26500343e-01]
 [3.12841402e-01]
 [3.97449233e-01]
 [2.63477936e-01]
 [4.99617962e-01]
 [5.01423134e-01]
 [9.60790165e-01]
 [6.10817139e-02]
 [6.36573695e-01]
 [9.02690655e-01]
 [1.12127265e-02]
 [2.07718333e-02]
 [1.72694077e-02]
 [8.33982315e-01]
 [8.38935105e-01]
 [7.71165532e-02]
 [6.08958472e-01]
 [2.89230131e-01]
 [3.64194484e-01]
 [7.36162356e-01]
 [9.12085788e-01]
 [5.93678172e-01]
 [9.02559516e-01]
 [9.41326683e-01]
 [6.52376844e-01]
 [8.17441537e-01]
 [6.79030387e-01]
 [7.41246428e-01]
 [5.76318672e-01]
 [8.67615176e-01]
 [9.05942233e-01]
 [8.46750817e-01]
 [9.30593370e-01]
 [5.55565443e-01]
 [9.76631110e-01]
 [3.34297739e-01]
 [5.84742424e-01]
 [9.58972357e-01]
 [6.29132447e-01]
 [6.53839972e-01]
 [6.56962644e-01]
 [8.30858680e-02]
 [3.23618550e-01]
 [9.33770759e-01]
 [7.18130307e-01]
 [2.67459418e-01]
 [3.20299723e-02]
 [8.23186274e-01]
 [8.40584256e-01]
 [3.05192785e-01]
 [1.44819024e-01]
 [9.03193931e-01]
 [2.95023870e-01]
 [3.08789323e-01]
 [8.41478152e-01]
 [2.14393284e-01]
 [2.84663606e-01]
 [1.60382171e-01]
 [1.33001569e-01]
 [9.42720571e-01]
 [1.62347059e-01]
 [1.80033110e-01]
 [2.50141885e-01]
 [6.76993646e-01]
 [7.34277842e-01]
 [9.16962070e-01]
 [4.21340251e-01]
 [3.38201992e-02]
 [3.16342807e-01]
 [9.58257474e-01]
 [7.75101178e-01]
 [6.96112162e-01]
 [9.83625603e-01]
 [3.97434470e-01]
 [7.82890442e-01]
 [4.47955857e-01]
 [5.00806335e-01]
 [5.93452635e-01]
 [7.18916525e-01]
 [6.16656198e-01]
 [7.65925917e-01]
 [8.57086468e-01]
 [3.75691285e-01]
 [5.55860523e-01]
 [9.28333439e-01]
 [6.62532159e-01]
 [9.72988986e-01]
 [3.65237700e-01]
 [7.15172352e-01]
 [1.83720239e-01]
 [3.52257766e-01]
 [8.95080367e-01]
 [4.68047725e-01]
 [9.50868706e-01]
 [1.62855851e-01]
 [5.53585505e-01]
 [3.09558564e-02]
 [2.65907164e-01]
 [1.49806889e-01]
 [6.01448686e-02]
 [2.92062992e-01]
 [3.10662741e-01]
 [5.81499142e-01]
 [1.48342784e-01]
 [4.59545175e-01]
 [3.38150525e-01]
 [3.62629855e-02]
 [8.30021383e-01]
 [6.15678837e-01]
 [8.39501007e-01]
 [1.64651345e-01]
 [2.76121612e-01]
 [8.30250179e-01]
 [2.78871544e-01]
 [5.52661760e-01]
 [6.52035346e-01]
 [5.35327450e-01]
 [8.86098982e-01]
 [9.04258517e-02]
 [8.83899470e-01]
 [2.06072098e-01]
 [5.29063964e-01]
 [3.80584373e-01]
 [1.91572470e-01]
 [5.45181047e-01]
 [3.04955862e-01]
 [2.10407014e-01]
 [5.34520517e-01]
 [2.67473623e-01]
 [1.74411022e-01]
 [2.67019575e-01]
 [6.55482505e-01]
 [2.55499378e-01]
 [7.56415470e-01]
 [5.84160510e-01]
 [1.59354526e-01]
 [1.96796994e-01]
 [8.92100336e-01]
 [8.47209349e-01]
 [8.52997300e-01]
 [5.58347323e-01]
 [1.61522488e-01]
 [3.69620702e-01]
 [4.31858641e-02]
 [3.70612792e-01]
 [1.07436066e-01]
 [4.35370476e-01]
 [4.03709311e-01]
 [2.51826158e-01]
 [2.97490441e-01]
 [5.83821718e-01]
 [5.59458188e-02]
 [7.70505532e-01]
 [3.97241377e-01]
 [2.51059751e-01]
 [6.91519997e-01]
 [1.59279118e-01]
 [5.95108187e-01]
 [4.41432601e-01]
 [6.19526954e-01]
 [4.72055150e-01]
 [2.01592500e-02]
 [5.69047557e-01]
 [5.94799931e-01]
 [7.55784219e-01]
 [5.26715634e-01]
 [5.85307926e-02]
 [9.74480761e-01]
 [7.17066096e-01]
 [3.17193107e-02]
 [1.60941049e-01]
 [6.30375664e-01]
 [8.31365181e-01]
 [8.06975330e-01]
 [3.53638959e-01]
 [3.58886509e-01]
 [4.18745505e-01]
 [1.01319895e-01]
 [8.85852963e-01]
 [4.08390215e-01]
 [7.25607778e-01]
 [2.61549341e-01]
 [3.53353116e-02]
 [5.59534812e-01]
 [6.12863443e-01]
 [6.43650653e-01]
 [5.45708495e-01]
 [2.03464261e-01]
 [1.15529373e-01]
 [2.95863085e-01]
 [6.93269165e-02]
 [7.18705702e-02]
 [5.07115862e-01]
 [6.42337936e-02]
 [9.03802159e-01]
 [7.39375118e-01]
 [6.44260287e-01]
 [3.86387331e-01]
 [7.48393678e-02]
 [4.90581032e-01]
 [1.30267403e-01]
 [4.03674160e-02]
 [8.50301112e-01]
 [7.13682350e-01]
 [4.51189444e-01]
 [9.87447330e-01]
 [1.95218259e-01]
 [1.22332741e-01]
 [6.32156636e-01]
 [3.05360759e-01]
 [4.39109463e-01]
 [8.14948154e-01]
 [4.34702519e-01]
 [5.43398866e-01]
 [3.85295754e-02]
 [5.42795858e-01]
 [2.12812548e-01]
 [4.00237906e-01]
 [6.12166437e-01]
 [3.10241244e-01]
 [3.17576146e-01]
 [6.11177080e-01]
 [2.57670063e-01]
 [6.69451420e-01]
 [2.42042131e-01]
 [9.77543387e-01]
 [7.76438150e-01]
 [9.41817826e-01]
 [9.47562031e-01]
 [2.22085120e-01]
 [1.49300181e-01]
 [7.41735472e-01]
 [5.84502283e-01]
 [1.54294421e-01]
 [1.96146406e-02]
 [7.91520201e-01]
 [1.88547384e-01]
 [3.19461896e-01]
 [6.84542215e-01]
 [4.85952696e-01]
 [7.98749936e-01]
 [5.48302573e-01]
 [6.29147159e-01]
 [4.90277692e-01]
 [1.00528997e-01]
 [6.86293494e-01]
 [9.72459916e-01]
 [1.65887510e-01]
 [1.43160747e-01]
 [6.60297107e-01]
 [1.80659594e-01]
 [8.17386477e-01]
 [9.14997783e-01]
 [7.90799002e-01]
 [9.38797493e-01]
 [5.02037618e-01]
 [7.39515186e-01]
 [7.27450294e-01]
 [9.75527569e-02]
 [6.83842744e-01]
 [1.35857880e-01]
 [9.49469107e-01]
 [4.48624021e-01]
 [5.46583180e-01]
 [4.62832159e-01]
 [4.59369407e-01]
 [2.69635945e-01]
 [9.41824401e-01]
 [3.42734645e-01]
 [5.89013220e-01]
 [8.54134061e-01]
 [1.02241492e-01]
 [4.06531977e-01]
 [7.25662142e-01]
 [1.69575884e-01]
 [5.62470262e-01]
 [6.63955330e-01]
 [5.95625794e-01]
 [5.15316494e-01]
 [8.27022068e-01]
 [1.93261465e-01]
 [4.17079179e-01]
 [8.19541924e-01]
 [9.24235645e-01]
 [2.43795747e-01]
 [3.64411419e-01]
 [5.20370341e-01]
 [6.63384323e-02]
 [9.27309468e-02]
 [8.85880765e-01]
 [4.52230760e-01]
 [1.91919614e-02]
 [9.62461581e-01]
 [3.96383708e-01]
 [2.73356458e-01]
 [9.42591651e-01]
 [3.92204819e-01]
 [9.68131655e-01]
 [9.72030331e-01]
 [9.01490732e-01]
 [4.22880767e-01]]
    biases: 
[[0.22095761]
 [0.11977706]
 [0.03985618]
 [0.06760925]
 [0.1732861 ]
 [0.50258576]
 [0.48632274]
 [0.21081138]
 [0.49106704]
 [0.82460958]
 [0.17309725]
 [0.7680187 ]
 [0.50626716]
 [0.1949657 ]
 [0.89425419]
 [0.61793725]]
DEBUG:root:ANSWER: 
[[1.]
 [1.]
 [1.]
 [1.]
 [1.]
 [1.]
 [1.]
 [1.]
 [1.]
 [1.]
 [1.]
 [1.]
 [1.]
 [1.]
 [1.]
 [1.]]
DEBUG:root:

---------------------------

DEBUG:root:RUNNING CHECK ON LAYER: 2
DEBUG:root:CHECK OK
DEBUG:root:

---------------------------

DEBUG:root:RUNNING LAYER: 2
DEBUG:root:LAYER INFO: 
    Input-Nodes: 16
    Output-Nodes:16
    weights: 
[[0.01882947 0.52109725 0.54790037 0.21299668 0.86776694 0.2401633
  0.69675317 0.04515144 0.33960831 0.01251458 0.2096459  0.97354194
  0.88203105 0.22778518 0.58607915 0.06534045]
 [0.21285842 0.82690104 0.73578687 0.03465856 0.59717563 0.06144328
  0.95731107 0.50849575 0.465648   0.36759943 0.3752451  0.90827551
  0.49976606 0.76162222 0.28277851 0.05176847]
 [0.45115873 0.74681816 0.55097559 0.88546706 0.81771095 0.91666144
  0.28383975 0.09780218 0.56892518 0.51559339 0.45551602 0.96035264
  0.42358576 0.32644397 0.51657506 0.15710111]
 [0.55630551 0.63565252 0.22427686 0.04595644 0.90547331 0.05224791
  0.19102468 0.67067083 0.52653694 0.75236741 0.59494669 0.470133
  0.9211875  0.70893229 0.91781772 0.02040844]
 [0.40940518 0.33307849 0.5909511  0.7175172  0.0933559  0.90938138
  0.56411288 0.24987053 0.92803796 0.49906971 0.36723822 0.4204666
  0.69479847 0.46321968 0.50121922 0.12293893]
 [0.46979559 0.41633937 0.67158283 0.5414205  0.85285635 0.94034131
  0.52741348 0.87216515 0.89409765 0.64260228 0.45771395 0.75695218
  0.13051143 0.17010792 0.54027349 0.6855267 ]
 [0.48481114 0.07439722 0.52093567 0.76061669 0.11179882 0.04084424
  0.7226976  0.89580656 0.47513657 0.74091348 0.73327885 0.52186584
  0.08660766 0.23816104 0.30433132 0.08219939]
 [0.16020589 0.35982083 0.08482577 0.53681742 0.57253568 0.31055977
  0.63119062 0.79063294 0.85555946 0.77500458 0.53286445 0.0116444
  0.95933286 0.63459226 0.47851644 0.86209086]
 [0.50259097 0.96578176 0.54838335 0.15460431 0.08522868 0.89924302
  0.20175648 0.60846962 0.08372776 0.11897888 0.64112451 0.73189852
  0.9396623  0.68167591 0.24672689 0.83742708]
 [0.72831136 0.13669578 0.08813676 0.47108113 0.86967476 0.84093727
  0.76132312 0.26196416 0.7598583  0.95080229 0.60001388 0.35671413
  0.25297686 0.99529299 0.78088377 0.30411738]
 [0.4531423  0.10916697 0.47644892 0.94261447 0.96622116 0.49663583
  0.94172749 0.35278603 0.77055684 0.39156038 0.77625844 0.86054212
  0.46607297 0.10607937 0.30472667 0.27301427]
 [0.04558513 0.98081554 0.51139358 0.96256235 0.62392676 0.93659907
  0.61029434 0.11766636 0.87959547 0.47748139 0.63730028 0.78693174
  0.44365399 0.86532493 0.61087454 0.27198582]
 [0.30637023 0.88583139 0.32080457 0.15575265 0.96611106 0.62051805
  0.80560509 0.8002783  0.93599697 0.24315707 0.02626909 0.75992026
  0.21609011 0.51619805 0.85254493 0.51413176]
 [0.31443344 0.50649435 0.82639293 0.88817969 0.61009525 0.8467633
  0.29868174 0.15450264 0.08120762 0.03606494 0.2717111  0.15928928
  0.82841964 0.70190819 0.44692726 0.79321272]
 [0.54507743 0.45058201 0.60587916 0.90072356 0.5275866  0.88802915
  0.51669826 0.54048791 0.06299032 0.52713836 0.41861942 0.45263308
  0.5068184  0.31427966 0.86420479 0.11006798]
 [0.19964229 0.24933773 0.92915928 0.31184241 0.08376655 0.3126387
  0.99060211 0.23997948 0.51352204 0.95383069 0.60977679 0.93885163
  0.27122025 0.93902887 0.71794139 0.2469992 ]]
    values: 
[[1.]
 [1.]
 [1.]
 [1.]
 [1.]
 [1.]
 [1.]
 [1.]
 [1.]
 [1.]
 [1.]
 [1.]
 [1.]
 [1.]
 [1.]
 [1.]]
    biases: 
[[0.65899352]
 [0.559618  ]
 [0.5846136 ]
 [0.68311602]
 [0.14707935]
 [0.1703781 ]
 [0.17737167]
 [0.00143765]
 [0.2267424 ]
 [0.83023775]
 [0.23800417]
 [0.56496697]
 [0.5791298 ]
 [0.68486631]
 [0.35941366]
 [0.62316705]]
DEBUG:root:ANSWER: 
[[0.99918067]
 [0.99972732]
 [0.99990477]
 [0.99986046]
 [0.99966856]
 [0.99994113]
 [0.99906289]
 [0.99980796]
 [0.99979122]
 [0.9999541 ]
 [0.99986707]
 [0.99996726]
 [0.99992551]
 [0.99978596]
 [0.99981431]
 [0.99989179]]
DEBUG:root:

---------------------------

DEBUG:root:RUNNING CHECK ON LAYER: 3
DEBUG:root:CHECK OK
DEBUG:root:

---------------------------

DEBUG:root:RUNNING LAYER: 3
DEBUG:root:LAYER INFO: 
    Input-Nodes: 16
    Output-Nodes:10
    weights: 
[[0.04977764 0.73523162 0.6262252  0.90812816 0.38035129 0.20881155
  0.83483062 0.87976325 0.31748953 0.60758597 0.839713   0.77338739
  0.10554329 0.99892483 0.10386123 0.27755542]
 [0.7110985  0.78452689 0.2429496  0.2514214  0.84842919 0.09153271
  0.01982326 0.40699588 0.90340236 0.01922368 0.68677439 0.60208846
  0.41226689 0.39114183 0.45715308 0.12528418]
 [0.94761616 0.22062965 0.42586534 0.04012494 0.1164128  0.25302907
  0.77235478 0.99927246 0.73378967 0.14504259 0.83520421 0.76612341
  0.97520279 0.98011335 0.00284512 0.92304585]
 [0.00608696 0.70270568 0.00911144 0.24794878 0.47286338 0.25255483
  0.47878947 0.41970649 0.17301386 0.91060487 0.54799342 0.76401093
  0.60510805 0.05524528 0.6980413  0.44026207]
 [0.34353473 0.68925189 0.3515666  0.1374167  0.26532428 0.26039968
  0.45581841 0.8341153  0.56307206 0.85246252 0.3101076  0.67387118
  0.26399099 0.21483257 0.86554559 0.22544738]
 [0.92299782 0.69280581 0.97214835 0.44439869 0.43742073 0.6293564
  0.16331457 0.71252601 0.68752563 0.56633032 0.86468585 0.19350271
  0.71207623 0.2107774  0.83563759 0.02185539]
 [0.64931565 0.53160458 0.9505878  0.68277018 0.57756426 0.22658403
  0.49318464 0.09716395 0.52964915 0.55289847 0.46005172 0.48900599
  0.76495966 0.32207678 0.15956883 0.92852878]
 [0.65698858 0.70681287 0.11451524 0.38618435 0.92241406 0.64131562
  0.44617871 0.93266386 0.13694336 0.76833613 0.47860046 0.45662896
  0.36795347 0.2881162  0.29828777 0.84267558]
 [0.24429789 0.83117017 0.26193454 0.99802626 0.47436887 0.90085767
  0.69475351 0.63251915 0.52923856 0.23522647 0.01617072 0.84122079
  0.57478856 0.7637444  0.12993111 0.51074946]
 [0.87644859 0.20532762 0.51930998 0.20504564 0.5306428  0.95040634
  0.04811666 0.83572487 0.16972177 0.56703532 0.03729395 0.5296631
  0.66689182 0.54265024 0.65140194 0.79818161]]
    values: 
[[0.99918067]
 [0.99972732]
 [0.99990477]
 [0.99986046]
 [0.99966856]
 [0.99994113]
 [0.99906289]
 [0.99980796]
 [0.99979122]
 [0.9999541 ]
 [0.99986707]
 [0.99996726]
 [0.99992551]
 [0.99978596]
 [0.99981431]
 [0.99989179]]
    biases: 
[[0.72004725]
 [0.29667607]
 [0.49676654]
 [0.75354768]
 [0.04059402]
 [0.28446798]
 [0.93257799]
 [0.3752721 ]
 [0.74884748]
 [0.51955667]]
DEBUG:root:ANSWER: 
[[0.99991435]
 [0.99928965]
 [0.99993434]
 [0.99946689]
 [0.99935503]
 [0.99991302]
 [0.9999127 ]
 [0.99985194]
 [0.9999161 ]
 [0.9998252 ]]
DEBUG:root:

---------------------------

DEBUG:root:COST CALCULATION: 
    Expected:    [[0.99991435]
 [0.99928965]
 [0.99993434]
 [0.99946689]
 [0.99935503]
 [0.99991302]
 [0.9999127 ]
 [0.99985194]
 [0.9999161 ]
 [0.9998252 ]]
    Output:    [0 0 0 0 0 0 0 0 0 1]
    Error:     89.95283893251774

---------------------------

